<?xml version="1.0" encoding="UTF-8"?>
<!-- Generated by org.testng.reporters.JUnitReportReporter -->
<testsuite hostname="DESKTOP-TTB3E54" failures="0" tests="4" name="Github" time="6.420" errors="0" timestamp="2021-10-14T18:19:01 EDT" skipped="0">
  <testcase classname="Github" name="post" time="4.688"/>
  <system-out/>
  <testcase classname="Github" name="patch_request" time="0.552"/>
  <system-out/>
  <testcase classname="Github" name="Getrequest" time="0.273"/>
  <system-out/>
  <testcase classname="Github" name="delete" time="0.907"/>
  <system-out/>
</testsuite> <!-- Github -->
