<?xml version="1.0" encoding="UTF-8"?>
<!-- Generated by org.testng.reporters.JUnitReportReporter -->
<testsuite hostname="DESKTOP-TTB3E54" failures="0" tests="4" name="Trello_Board" time="2.457" errors="0" timestamp="2021-10-14T18:19:01 EDT" skipped="0">
  <testcase classname="Trello_Board" name="post" time="0.538"/>
  <system-out/>
  <testcase classname="Trello_Board" name="put" time="0.311"/>
  <system-out/>
  <testcase classname="Trello_Board" name="get" time="0.311"/>
  <system-out/>
  <testcase classname="Trello_Board" name="delete" time="1.297"/>
  <system-out/>
</testsuite> <!-- Trello_Board -->
