<?xml version="1.0" encoding="UTF-8"?>
<!-- Generated by org.testng.reporters.JUnitReportReporter -->
<testsuite hostname="DESKTOP-TTB3E54" failures="0" tests="1" name="git_hub" time="2.557" errors="0" timestamp="2021-08-20T13:26:05 EDT" skipped="0">
  <testcase classname="git_hub" name="get" time="2.557"/>
  <system-out/>
</testsuite> <!-- git_hub -->
