<?xml version="1.0" encoding="UTF-8"?>
<!-- Generated by org.testng.reporters.JUnitReportReporter -->
<testsuite hostname="DESKTOP-TTB3E54" failures="0" tests="2" name="Test1_GET" time="4.449" errors="0" timestamp="2021-08-20T12:32:56 EDT" skipped="0">
  <testcase classname="Test1_GET" name="test" time="2.581"/>
  <system-out/>
  <testcase classname="Test1_GET" name="test2" time="1.868"/>
  <system-out/>
</testsuite> <!-- Test1_GET -->
